2023-11-01 10:46:30,385 DEBUG decorators.py Function: config_load(). Module: __main__. Calling from a function main(). 
2023-11-01 10:46:30,387 DEBUG decorators.py Function: create_parser(). Module: common.utils. Calling from a function main(). 
2023-11-01 10:51:42,952 DEBUG decorators.py Function: config_load(). Module: __main__. Calling from a function main(). 
2023-11-01 10:51:42,953 DEBUG decorators.py Function: create_parser(). Module: common.utils. Calling from a function main(). 
2023-11-01 10:53:13,467 DEBUG decorators.py Function: config_load(). Module: __main__. Calling from a function main(). 
2023-11-01 10:53:13,468 DEBUG decorators.py Function: create_parser(). Module: common.utils. Calling from a function main(). 
2023-11-01 10:55:18,779 DEBUG decorators.py Function: config_load(). Module: __main__. Calling from a function main(). 
2023-11-01 10:55:18,780 DEBUG decorators.py Function: create_parser(). Module: common.utils. Calling from a function main(). 
2023-11-01 10:55:18,819 INFO core.py The server is running, the port to connect to: 7777.the address from which connections are accepted: 127.0.0.1.If the address is not specified, connections from any addresses are accepted.
2023-11-01 10:55:47,197 DEBUG decorators.py Function: config_load(). Module: __main__. Calling from a function main(). 
2023-11-01 10:55:47,198 DEBUG decorators.py Function: create_parser(). Module: common.utils. Calling from a function main(). 
2023-11-01 10:55:47,239 INFO core.py The server is running, the port to connect to: 7777.the address from which connections are accepted: 127.0.0.1.If the address is not specified, connections from any addresses are accepted.
2023-11-01 11:05:09,469 DEBUG decorators.py Function: config_load(). Module: __main__. Calling from a function main(). 
2023-11-01 11:05:09,471 DEBUG decorators.py Function: create_parser(). Module: common.utils. Calling from a function main(). 
2023-11-01 11:05:09,503 INFO core.py The server is running, the port to connect to: 7777.the address from which connections are accepted: 127.0.0.1.If the address is not specified, connections from any addresses are accepted.
2023-11-01 11:09:02,298 DEBUG decorators.py Function: config_load(). Module: __main__. Calling from a function main(). 
2023-11-01 11:09:02,299 DEBUG decorators.py Function: create_parser(). Module: common.utils. Calling from a function main(). 
2023-11-01 11:09:02,339 INFO core.py The server is running, the port to connect to: 7777.the address from which connections are accepted: 127.0.0.1.If the address is not specified, connections from any addresses are accepted.
2023-11-01 11:09:03,470 INFO core.py The connection to the PC is established ('127.0.0.1', 44188)
2023-11-01 11:09:03,984 DEBUG decorators.py Function: get_message(). Module: common.utils. Calling from a function self._bootstrap_inner(). 
2023-11-01 11:09:03,985 DEBUG core.py Parsing a message from a client : {'action': 'presence', 'time': 1698826143.4829586, 'type': 'status', 'user': {'account_name': 'test1', 'pubkey': '-----BEGIN PUBLIC KEY-----\nMIIBIjANBgkqhkiG9w0BAQEFAAOCAQ8AMIIBCgKCAQEAqaTq2wZejq1hEmyU/zwi\nO7F7fP68XagUsTGnYBOzFRrmOVRveK6I/dYuTxCPSs1YVD+elrIGkjVw/av2OmCL\npVkZiAfqVtOWxny88Q9XH+p1olCLq4SRM6jMWQ5OEjXZt/K2cB7tyuz5ZaTMItDY\n0iq6IqPzGgTyTaoRVu6YjySVx15/3oZX1CcnrWLY8lu1fYAqrrbzB83U/FbRzBGe\nKY+unrBVHUBglwV3mID8qEsJv2bjMZIx2oRBZDY9/Ce4nngysx/p7KvjxUpOiPo+\n1X4aIM1RygkTzRfwc1QciPdDzb3UuqWtJnWmM2s98CKprUutLXhY1rDmY5jn6cxo\nNQIDAQAB\n-----END PUBLIC KEY-----'}}
2023-11-01 11:09:03,985 DEBUG core.py Start auth process for {'account_name': 'test1', 'pubkey': '-----BEGIN PUBLIC KEY-----\nMIIBIjANBgkqhkiG9w0BAQEFAAOCAQ8AMIIBCgKCAQEAqaTq2wZejq1hEmyU/zwi\nO7F7fP68XagUsTGnYBOzFRrmOVRveK6I/dYuTxCPSs1YVD+elrIGkjVw/av2OmCL\npVkZiAfqVtOWxny88Q9XH+p1olCLq4SRM6jMWQ5OEjXZt/K2cB7tyuz5ZaTMItDY\n0iq6IqPzGgTyTaoRVu6YjySVx15/3oZX1CcnrWLY8lu1fYAqrrbzB83U/FbRzBGe\nKY+unrBVHUBglwV3mID8qEsJv2bjMZIx2oRBZDY9/Ce4nngysx/p7KvjxUpOiPo+\n1X4aIM1RygkTzRfwc1QciPdDzb3UuqWtJnWmM2s98CKprUutLXhY1rDmY5jn6cxo\nNQIDAQAB\n-----END PUBLIC KEY-----'}
2023-11-01 11:09:03,993 DEBUG core.py Unknown username, sending {'response': 400, 'error': 'The user is not registered.'}
2023-11-01 11:09:03,994 DEBUG decorators.py Function: send_message(). Module: common.utils. Calling from a function self._bootstrap_inner(). 
2023-11-01 11:09:04,483 INFO core.py The connection to the PC is established ('127.0.0.1', 44192)
2023-11-01 11:09:04,984 DEBUG decorators.py Function: get_message(). Module: common.utils. Calling from a function self._bootstrap_inner(). 
2023-11-01 11:09:04,984 DEBUG core.py Parsing a message from a client : {'action': 'presence', 'time': 1698826144.4952767, 'type': 'status', 'user': {'account_name': 'test2', 'pubkey': '-----BEGIN PUBLIC KEY-----\nMIIBIjANBgkqhkiG9w0BAQEFAAOCAQ8AMIIBCgKCAQEAuntqpMWdrOMa2e+A9Ljl\nziQgt1V/m2l0ycpIFCJbV2CJraO5xDG2gecBfJFdxVXCx2u3F7EhjIxQJHLdA2o2\nT/VNMtt4ttpAB5QUyXkc3TQa27mGmBkFm/lYtbosozJ8lqVe0+OJmEHXHaPKOy57\n3jzEYXu53mRunUmCI8bDEBmgwHGu4v1zN51Y/4ex5f292DuYdFGv01UGPZ/bHoA/\nBgBEiWDFDhLYyTMuKTLWevSmwhJ0UMReFqlG6suBpeFOT/HOdkT9Zk7qM7lCoA8O\nPCLyWSh8XwS60onZ19Xc7FT0Ic1DHnEdrcbKmnZuJ+ztFW8D4+rcnvmja4B0OiQR\n+wIDAQAB\n-----END PUBLIC KEY-----'}}
2023-11-01 11:09:04,985 DEBUG core.py Start auth process for {'account_name': 'test2', 'pubkey': '-----BEGIN PUBLIC KEY-----\nMIIBIjANBgkqhkiG9w0BAQEFAAOCAQ8AMIIBCgKCAQEAuntqpMWdrOMa2e+A9Ljl\nziQgt1V/m2l0ycpIFCJbV2CJraO5xDG2gecBfJFdxVXCx2u3F7EhjIxQJHLdA2o2\nT/VNMtt4ttpAB5QUyXkc3TQa27mGmBkFm/lYtbosozJ8lqVe0+OJmEHXHaPKOy57\n3jzEYXu53mRunUmCI8bDEBmgwHGu4v1zN51Y/4ex5f292DuYdFGv01UGPZ/bHoA/\nBgBEiWDFDhLYyTMuKTLWevSmwhJ0UMReFqlG6suBpeFOT/HOdkT9Zk7qM7lCoA8O\nPCLyWSh8XwS60onZ19Xc7FT0Ic1DHnEdrcbKmnZuJ+ztFW8D4+rcnvmja4B0OiQR\n+wIDAQAB\n-----END PUBLIC KEY-----'}
2023-11-01 11:09:04,987 DEBUG core.py Unknown username, sending {'response': 400, 'error': 'The user is not registered.'}
2023-11-01 11:09:04,987 DEBUG decorators.py Function: send_message(). Module: common.utils. Calling from a function self._bootstrap_inner(). 
2023-11-01 11:09:25,921 INFO core.py The connection to the PC is established ('127.0.0.1', 45536)
2023-11-01 11:09:26,423 DEBUG decorators.py Function: get_message(). Module: common.utils. Calling from a function self._bootstrap_inner(). 
2023-11-01 11:09:26,423 DEBUG core.py Parsing a message from a client : {'action': 'presence', 'time': 1698826165.9346323, 'type': 'status', 'user': {'account_name': 'user1', 'pubkey': '-----BEGIN PUBLIC KEY-----\nMIIBIjANBgkqhkiG9w0BAQEFAAOCAQ8AMIIBCgKCAQEA1VY7ub6ge0dkBaIyl2qE\nTqd7Y3xA+/ihEckm1hNjwK+T8YubWPv/ekk1o+bfbUR86joBAAZuY0pSKS11f8Lz\n3xWri/CZI+wxHJmgV0OzUWSY5ngQ3dvEnB2GwG/xWLcI23Ddi20uHSKSh7iACt1i\neKAMpIb9QVwkCXKMCL/WPHP0J3k04nXw4Q59AEtPVy3mfM2G6b4njm4G6bdkl60i\nxvi85lXt4zFiW+N0mhSROkjZhMbU046bqgtGP8P91nyOY143oZAm9ZV8006CalWb\nxtzy3YU4C5xwKMnyHGPPx2w6H1Zk5TQ/fvZVnUjEQJRTybHoJVQe+BVaD7vdZzN1\ntQIDAQAB\n-----END PUBLIC KEY-----'}}
2023-11-01 11:09:26,423 DEBUG core.py Start auth process for {'account_name': 'user1', 'pubkey': '-----BEGIN PUBLIC KEY-----\nMIIBIjANBgkqhkiG9w0BAQEFAAOCAQ8AMIIBCgKCAQEA1VY7ub6ge0dkBaIyl2qE\nTqd7Y3xA+/ihEckm1hNjwK+T8YubWPv/ekk1o+bfbUR86joBAAZuY0pSKS11f8Lz\n3xWri/CZI+wxHJmgV0OzUWSY5ngQ3dvEnB2GwG/xWLcI23Ddi20uHSKSh7iACt1i\neKAMpIb9QVwkCXKMCL/WPHP0J3k04nXw4Q59AEtPVy3mfM2G6b4njm4G6bdkl60i\nxvi85lXt4zFiW+N0mhSROkjZhMbU046bqgtGP8P91nyOY143oZAm9ZV8006CalWb\nxtzy3YU4C5xwKMnyHGPPx2w6H1Zk5TQ/fvZVnUjEQJRTybHoJVQe+BVaD7vdZzN1\ntQIDAQAB\n-----END PUBLIC KEY-----'}
2023-11-01 11:09:26,425 DEBUG core.py Unknown username, sending {'response': 400, 'error': 'The user is not registered.'}
2023-11-01 11:09:26,425 DEBUG decorators.py Function: send_message(). Module: common.utils. Calling from a function self._bootstrap_inner(). 
2023-11-01 11:09:45,190 INFO core.py The connection to the PC is established ('127.0.0.1', 36258)
2023-11-01 11:09:45,692 DEBUG decorators.py Function: get_message(). Module: common.utils. Calling from a function self._bootstrap_inner(). 
2023-11-01 11:09:45,692 DEBUG core.py Parsing a message from a client : {'action': 'presence', 'time': 1698826185.2039585, 'type': 'status', 'user': {'account_name': 'test1', 'pubkey': '-----BEGIN PUBLIC KEY-----\nMIIBIjANBgkqhkiG9w0BAQEFAAOCAQ8AMIIBCgKCAQEAqaTq2wZejq1hEmyU/zwi\nO7F7fP68XagUsTGnYBOzFRrmOVRveK6I/dYuTxCPSs1YVD+elrIGkjVw/av2OmCL\npVkZiAfqVtOWxny88Q9XH+p1olCLq4SRM6jMWQ5OEjXZt/K2cB7tyuz5ZaTMItDY\n0iq6IqPzGgTyTaoRVu6YjySVx15/3oZX1CcnrWLY8lu1fYAqrrbzB83U/FbRzBGe\nKY+unrBVHUBglwV3mID8qEsJv2bjMZIx2oRBZDY9/Ce4nngysx/p7KvjxUpOiPo+\n1X4aIM1RygkTzRfwc1QciPdDzb3UuqWtJnWmM2s98CKprUutLXhY1rDmY5jn6cxo\nNQIDAQAB\n-----END PUBLIC KEY-----'}}
2023-11-01 11:09:45,692 DEBUG core.py Start auth process for {'account_name': 'test1', 'pubkey': '-----BEGIN PUBLIC KEY-----\nMIIBIjANBgkqhkiG9w0BAQEFAAOCAQ8AMIIBCgKCAQEAqaTq2wZejq1hEmyU/zwi\nO7F7fP68XagUsTGnYBOzFRrmOVRveK6I/dYuTxCPSs1YVD+elrIGkjVw/av2OmCL\npVkZiAfqVtOWxny88Q9XH+p1olCLq4SRM6jMWQ5OEjXZt/K2cB7tyuz5ZaTMItDY\n0iq6IqPzGgTyTaoRVu6YjySVx15/3oZX1CcnrWLY8lu1fYAqrrbzB83U/FbRzBGe\nKY+unrBVHUBglwV3mID8qEsJv2bjMZIx2oRBZDY9/Ce4nngysx/p7KvjxUpOiPo+\n1X4aIM1RygkTzRfwc1QciPdDzb3UuqWtJnWmM2s98CKprUutLXhY1rDmY5jn6cxo\nNQIDAQAB\n-----END PUBLIC KEY-----'}
2023-11-01 11:09:45,694 DEBUG core.py Unknown username, sending {'response': 400, 'error': 'The user is not registered.'}
2023-11-01 11:09:45,694 DEBUG decorators.py Function: send_message(). Module: common.utils. Calling from a function self._bootstrap_inner(). 
2023-11-01 11:11:17,830 INFO core.py The connection to the PC is established ('127.0.0.1', 50878)
2023-11-01 11:11:18,332 DEBUG decorators.py Function: get_message(). Module: common.utils. Calling from a function self._bootstrap_inner(). 
2023-11-01 11:11:18,332 DEBUG core.py Parsing a message from a client : {'action': 'presence', 'time': 1698826277.8442292, 'type': 'status', 'user': {'account_name': 'test1', 'pubkey': '-----BEGIN PUBLIC KEY-----\nMIIBIjANBgkqhkiG9w0BAQEFAAOCAQ8AMIIBCgKCAQEAqaTq2wZejq1hEmyU/zwi\nO7F7fP68XagUsTGnYBOzFRrmOVRveK6I/dYuTxCPSs1YVD+elrIGkjVw/av2OmCL\npVkZiAfqVtOWxny88Q9XH+p1olCLq4SRM6jMWQ5OEjXZt/K2cB7tyuz5ZaTMItDY\n0iq6IqPzGgTyTaoRVu6YjySVx15/3oZX1CcnrWLY8lu1fYAqrrbzB83U/FbRzBGe\nKY+unrBVHUBglwV3mID8qEsJv2bjMZIx2oRBZDY9/Ce4nngysx/p7KvjxUpOiPo+\n1X4aIM1RygkTzRfwc1QciPdDzb3UuqWtJnWmM2s98CKprUutLXhY1rDmY5jn6cxo\nNQIDAQAB\n-----END PUBLIC KEY-----'}}
2023-11-01 11:11:18,333 DEBUG core.py Start auth process for {'account_name': 'test1', 'pubkey': '-----BEGIN PUBLIC KEY-----\nMIIBIjANBgkqhkiG9w0BAQEFAAOCAQ8AMIIBCgKCAQEAqaTq2wZejq1hEmyU/zwi\nO7F7fP68XagUsTGnYBOzFRrmOVRveK6I/dYuTxCPSs1YVD+elrIGkjVw/av2OmCL\npVkZiAfqVtOWxny88Q9XH+p1olCLq4SRM6jMWQ5OEjXZt/K2cB7tyuz5ZaTMItDY\n0iq6IqPzGgTyTaoRVu6YjySVx15/3oZX1CcnrWLY8lu1fYAqrrbzB83U/FbRzBGe\nKY+unrBVHUBglwV3mID8qEsJv2bjMZIx2oRBZDY9/Ce4nngysx/p7KvjxUpOiPo+\n1X4aIM1RygkTzRfwc1QciPdDzb3UuqWtJnWmM2s98CKprUutLXhY1rDmY5jn6cxo\nNQIDAQAB\n-----END PUBLIC KEY-----'}
2023-11-01 11:11:18,335 DEBUG core.py Correct username, starting passwd check.
2023-11-01 11:11:18,337 DEBUG core.py Auth message = {'response': 511, 'bin': 'ae85105ef1779333c9c6adb123639e82ea8434b3a3c54d1fff9fd69b8e949a1a82da6a5ed98f0ced2176f7cf4327c28f72ca9cbe2e9388f83c2c3891f80c43d9'}
2023-11-01 11:11:18,338 DEBUG decorators.py Function: send_message(). Module: common.utils. Calling from a function self._bootstrap_inner(). 
2023-11-01 11:11:18,339 DEBUG decorators.py Function: get_message(). Module: common.utils. Calling from a function self._bootstrap_inner(). 
2023-11-01 11:11:18,339 DEBUG decorators.py Function: send_message(). Module: common.utils. Calling from a function self._bootstrap_inner(). 
2023-11-01 11:11:18,867 DEBUG decorators.py Function: get_message(). Module: common.utils. Calling from a function self._bootstrap_inner(). 
2023-11-01 11:11:18,867 DEBUG core.py Parsing a message from a client : {'action': 'get_users', 'time': 1698826278.3402424, 'account_name': 'test1'}
2023-11-01 11:11:18,869 DEBUG decorators.py Function: send_message(). Module: common.utils. Calling from a function self._bootstrap_inner(). 
2023-11-01 11:11:19,370 DEBUG decorators.py Function: get_message(). Module: common.utils. Calling from a function self._bootstrap_inner(). 
2023-11-01 11:11:19,371 DEBUG core.py Parsing a message from a client : {'action': 'get_contacts', 'time': 1698826278.8910522, 'user': 'test1'}
2023-11-01 11:11:19,377 DEBUG decorators.py Function: send_message(). Module: common.utils. Calling from a function self._bootstrap_inner(). 
2023-11-01 11:11:28,890 DEBUG decorators.py Function: get_message(). Module: common.utils. Calling from a function self._bootstrap_inner(). 
2023-11-01 11:11:28,890 DEBUG core.py Parsing a message from a client : {'action': 'exit', 'time': 1698826288.0095885, 'account_name': 'test1'}
2023-11-01 11:11:28,890 INFO core.py Client ('127.0.0.1', 50878) disconnected from the server.
2023-11-01 11:11:46,038 INFO core.py The connection to the PC is established ('127.0.0.1', 44526)
2023-11-01 11:11:46,539 DEBUG decorators.py Function: get_message(). Module: common.utils. Calling from a function self._bootstrap_inner(). 
2023-11-01 11:11:46,539 DEBUG core.py Parsing a message from a client : {'action': 'presence', 'time': 1698826306.051613, 'type': 'status', 'user': {'account_name': 'test1', 'pubkey': '-----BEGIN PUBLIC KEY-----\nMIIBIjANBgkqhkiG9w0BAQEFAAOCAQ8AMIIBCgKCAQEAqaTq2wZejq1hEmyU/zwi\nO7F7fP68XagUsTGnYBOzFRrmOVRveK6I/dYuTxCPSs1YVD+elrIGkjVw/av2OmCL\npVkZiAfqVtOWxny88Q9XH+p1olCLq4SRM6jMWQ5OEjXZt/K2cB7tyuz5ZaTMItDY\n0iq6IqPzGgTyTaoRVu6YjySVx15/3oZX1CcnrWLY8lu1fYAqrrbzB83U/FbRzBGe\nKY+unrBVHUBglwV3mID8qEsJv2bjMZIx2oRBZDY9/Ce4nngysx/p7KvjxUpOiPo+\n1X4aIM1RygkTzRfwc1QciPdDzb3UuqWtJnWmM2s98CKprUutLXhY1rDmY5jn6cxo\nNQIDAQAB\n-----END PUBLIC KEY-----'}}
2023-11-01 11:11:46,539 DEBUG core.py Start auth process for {'account_name': 'test1', 'pubkey': '-----BEGIN PUBLIC KEY-----\nMIIBIjANBgkqhkiG9w0BAQEFAAOCAQ8AMIIBCgKCAQEAqaTq2wZejq1hEmyU/zwi\nO7F7fP68XagUsTGnYBOzFRrmOVRveK6I/dYuTxCPSs1YVD+elrIGkjVw/av2OmCL\npVkZiAfqVtOWxny88Q9XH+p1olCLq4SRM6jMWQ5OEjXZt/K2cB7tyuz5ZaTMItDY\n0iq6IqPzGgTyTaoRVu6YjySVx15/3oZX1CcnrWLY8lu1fYAqrrbzB83U/FbRzBGe\nKY+unrBVHUBglwV3mID8qEsJv2bjMZIx2oRBZDY9/Ce4nngysx/p7KvjxUpOiPo+\n1X4aIM1RygkTzRfwc1QciPdDzb3UuqWtJnWmM2s98CKprUutLXhY1rDmY5jn6cxo\nNQIDAQAB\n-----END PUBLIC KEY-----'}
2023-11-01 11:11:46,541 DEBUG core.py Correct username, starting passwd check.
2023-11-01 11:11:46,542 DEBUG core.py Auth message = {'response': 511, 'bin': 'c6aade52f60ff18c3ca7c6ba805543c224a677b42aa8c49932c90fff321ec269463c833d4017841d4f0cf7db72fc48826ddb143dd0d9d82abaaec340348c5ff2'}
2023-11-01 11:11:46,543 DEBUG decorators.py Function: send_message(). Module: common.utils. Calling from a function self._bootstrap_inner(). 
2023-11-01 11:11:46,544 DEBUG decorators.py Function: get_message(). Module: common.utils. Calling from a function self._bootstrap_inner(). 
2023-11-01 11:11:46,544 DEBUG decorators.py Function: send_message(). Module: common.utils. Calling from a function self._bootstrap_inner(). 
2023-11-01 11:11:47,066 DEBUG decorators.py Function: get_message(). Module: common.utils. Calling from a function self._bootstrap_inner(). 
2023-11-01 11:11:47,067 DEBUG core.py Parsing a message from a client : {'action': 'get_users', 'time': 1698826306.5448325, 'account_name': 'test1'}
2023-11-01 11:11:47,068 DEBUG decorators.py Function: send_message(). Module: common.utils. Calling from a function self._bootstrap_inner(). 
2023-11-01 11:11:47,569 DEBUG decorators.py Function: get_message(). Module: common.utils. Calling from a function self._bootstrap_inner(). 
2023-11-01 11:11:47,569 DEBUG core.py Parsing a message from a client : {'action': 'get_contacts', 'time': 1698826307.0900714, 'user': 'test1'}
2023-11-01 11:11:47,572 DEBUG decorators.py Function: send_message(). Module: common.utils. Calling from a function self._bootstrap_inner(). 
2023-11-01 11:12:20,116 DEBUG decorators.py Function: get_message(). Module: common.utils. Calling from a function self._bootstrap_inner(). 
2023-11-01 11:12:20,116 DEBUG core.py Parsing a message from a client : {'action': 'add', 'time': 1698826339.6379514, 'account_name': 'test2', 'user': 'test1'}
2023-11-01 11:12:20,170 DEBUG decorators.py Function: send_message(). Module: common.utils. Calling from a function self._bootstrap_inner(). 
2023-11-01 11:12:33,693 DEBUG decorators.py Function: get_message(). Module: common.utils. Calling from a function self._bootstrap_inner(). 
2023-11-01 11:12:33,693 DEBUG core.py Parsing a message from a client : {'action': 'msg', 'time': 1698826353.3473506, 'to': 'test2', 'from': 'test1', 'encoding': '', 'message': 'привет'}
2023-11-01 11:12:33,694 DEBUG decorators.py Function: send_message(). Module: common.utils. Calling from a function self._bootstrap_inner(). 
2023-11-01 11:13:25,675 INFO core.py The connection to the PC is established ('127.0.0.1', 43272)
2023-11-01 11:13:26,177 DEBUG decorators.py Function: get_message(). Module: common.utils. Calling from a function self._bootstrap_inner(). 
2023-11-01 11:13:26,177 DEBUG core.py Parsing a message from a client : {'action': 'presence', 'time': 1698826405.68969, 'type': 'status', 'user': {'account_name': 'test2', 'pubkey': '-----BEGIN PUBLIC KEY-----\nMIIBIjANBgkqhkiG9w0BAQEFAAOCAQ8AMIIBCgKCAQEAuntqpMWdrOMa2e+A9Ljl\nziQgt1V/m2l0ycpIFCJbV2CJraO5xDG2gecBfJFdxVXCx2u3F7EhjIxQJHLdA2o2\nT/VNMtt4ttpAB5QUyXkc3TQa27mGmBkFm/lYtbosozJ8lqVe0+OJmEHXHaPKOy57\n3jzEYXu53mRunUmCI8bDEBmgwHGu4v1zN51Y/4ex5f292DuYdFGv01UGPZ/bHoA/\nBgBEiWDFDhLYyTMuKTLWevSmwhJ0UMReFqlG6suBpeFOT/HOdkT9Zk7qM7lCoA8O\nPCLyWSh8XwS60onZ19Xc7FT0Ic1DHnEdrcbKmnZuJ+ztFW8D4+rcnvmja4B0OiQR\n+wIDAQAB\n-----END PUBLIC KEY-----'}}
2023-11-01 11:13:26,177 DEBUG core.py Start auth process for {'account_name': 'test2', 'pubkey': '-----BEGIN PUBLIC KEY-----\nMIIBIjANBgkqhkiG9w0BAQEFAAOCAQ8AMIIBCgKCAQEAuntqpMWdrOMa2e+A9Ljl\nziQgt1V/m2l0ycpIFCJbV2CJraO5xDG2gecBfJFdxVXCx2u3F7EhjIxQJHLdA2o2\nT/VNMtt4ttpAB5QUyXkc3TQa27mGmBkFm/lYtbosozJ8lqVe0+OJmEHXHaPKOy57\n3jzEYXu53mRunUmCI8bDEBmgwHGu4v1zN51Y/4ex5f292DuYdFGv01UGPZ/bHoA/\nBgBEiWDFDhLYyTMuKTLWevSmwhJ0UMReFqlG6suBpeFOT/HOdkT9Zk7qM7lCoA8O\nPCLyWSh8XwS60onZ19Xc7FT0Ic1DHnEdrcbKmnZuJ+ztFW8D4+rcnvmja4B0OiQR\n+wIDAQAB\n-----END PUBLIC KEY-----'}
2023-11-01 11:13:26,179 DEBUG core.py Correct username, starting passwd check.
2023-11-01 11:13:26,181 DEBUG core.py Auth message = {'response': 511, 'bin': '43b3fed3faf7e5110984f12acd2f55527fa50ae7b8834c0585a3f7f83ef06daa5e78ef3042168a025324b8747a3b049d9bf4c477d445311a87425a4e54ab3251'}
2023-11-01 11:13:26,181 DEBUG decorators.py Function: send_message(). Module: common.utils. Calling from a function self._bootstrap_inner(). 
2023-11-01 11:13:26,182 DEBUG decorators.py Function: get_message(). Module: common.utils. Calling from a function self._bootstrap_inner(). 
2023-11-01 11:13:26,182 DEBUG decorators.py Function: send_message(). Module: common.utils. Calling from a function self._bootstrap_inner(). 
2023-11-01 11:13:26,704 DEBUG decorators.py Function: get_message(). Module: common.utils. Calling from a function self._bootstrap_inner(). 
2023-11-01 11:13:26,704 DEBUG core.py Parsing a message from a client : {'action': 'get_users', 'time': 1698826406.1830094, 'account_name': 'test2'}
2023-11-01 11:13:26,706 DEBUG decorators.py Function: send_message(). Module: common.utils. Calling from a function self._bootstrap_inner(). 
2023-11-01 11:13:27,207 DEBUG decorators.py Function: get_message(). Module: common.utils. Calling from a function self._bootstrap_inner(). 
2023-11-01 11:13:27,207 DEBUG core.py Parsing a message from a client : {'action': 'get_contacts', 'time': 1698826406.7282197, 'user': 'test2'}
2023-11-01 11:13:27,210 DEBUG decorators.py Function: send_message(). Module: common.utils. Calling from a function self._bootstrap_inner(). 
2023-11-01 11:13:34,219 DEBUG decorators.py Function: get_message(). Module: common.utils. Calling from a function self._bootstrap_inner(). 
2023-11-01 11:13:34,219 DEBUG core.py Parsing a message from a client : {'action': 'add', 'time': 1698826413.8379908, 'account_name': 'test1', 'user': 'test2'}
2023-11-01 11:13:34,240 DEBUG decorators.py Function: send_message(). Module: common.utils. Calling from a function self._bootstrap_inner(). 
2023-11-01 11:13:55,269 DEBUG decorators.py Function: get_message(). Module: common.utils. Calling from a function self._bootstrap_inner(). 
2023-11-01 11:13:55,270 DEBUG core.py Parsing a message from a client : {'action': 'msg', 'time': 1698826434.892805, 'to': 'test1', 'from': 'test2', 'encoding': '', 'message': 'привет'}
2023-11-01 11:13:55,296 DEBUG decorators.py Function: send_message(). Module: common.utils. Calling from a function self._bootstrap_inner(). 
2023-11-01 11:13:55,296 INFO core.py A message was sent to the user test1 from the user test2.
2023-11-01 11:13:55,296 DEBUG decorators.py Function: send_message(). Module: common.utils. Calling from a function self._bootstrap_inner(). 
2023-11-01 11:14:03,309 DEBUG decorators.py Function: get_message(). Module: common.utils. Calling from a function self._bootstrap_inner(). 
2023-11-01 11:14:03,309 DEBUG core.py Parsing a message from a client : {'action': 'msg', 'time': 1698826442.7686622, 'to': 'test2', 'from': 'test1', 'encoding': '', 'message': 'привет'}
2023-11-01 11:14:03,333 DEBUG decorators.py Function: send_message(). Module: common.utils. Calling from a function self._bootstrap_inner(). 
2023-11-01 11:14:03,333 INFO core.py A message was sent to the user test2 from the user test1.
2023-11-01 11:14:03,333 DEBUG decorators.py Function: send_message(). Module: common.utils. Calling from a function self._bootstrap_inner(). 
2023-11-01 11:14:13,349 DEBUG decorators.py Function: get_message(). Module: common.utils. Calling from a function self._bootstrap_inner(). 
2023-11-01 11:14:13,349 DEBUG core.py Parsing a message from a client : {'action': 'msg', 'time': 1698826453.1118896, 'to': 'test2', 'from': 'test1', 'encoding': '', 'message': 'как дела?'}
2023-11-01 11:14:13,398 DEBUG decorators.py Function: send_message(). Module: common.utils. Calling from a function self._bootstrap_inner(). 
2023-11-01 11:14:13,398 INFO core.py A message was sent to the user test2 from the user test1.
2023-11-01 11:14:13,399 DEBUG decorators.py Function: send_message(). Module: common.utils. Calling from a function self._bootstrap_inner(). 
2023-11-01 11:14:22,412 DEBUG decorators.py Function: get_message(). Module: common.utils. Calling from a function self._bootstrap_inner(). 
2023-11-01 11:14:22,413 DEBUG core.py Parsing a message from a client : {'action': 'msg', 'time': 1698826461.9521723, 'to': 'test1', 'from': 'test2', 'encoding': '', 'message': 'норм'}
2023-11-01 11:14:22,463 DEBUG decorators.py Function: send_message(). Module: common.utils. Calling from a function self._bootstrap_inner(). 
2023-11-01 11:14:22,463 INFO core.py A message was sent to the user test1 from the user test2.
2023-11-01 11:14:22,463 DEBUG decorators.py Function: send_message(). Module: common.utils. Calling from a function self._bootstrap_inner(). 
2023-11-01 11:14:59,525 DEBUG decorators.py Function: get_message(). Module: common.utils. Calling from a function self._bootstrap_inner(). 
2023-11-01 11:14:59,525 DEBUG core.py Parsing a message from a client : {'action': 'exit', 'time': 1698826499.5066946, 'account_name': 'test2'}
2023-11-01 11:14:59,525 INFO core.py Client ('127.0.0.1', 43272) disconnected from the server.
2023-11-01 11:15:04,551 DEBUG decorators.py Function: get_message(). Module: common.utils. Calling from a function self._bootstrap_inner(). 
2023-11-01 11:15:04,551 DEBUG core.py Parsing a message from a client : {'action': 'exit', 'time': 1698826504.2672646, 'account_name': 'test1'}
2023-11-01 11:15:04,551 INFO core.py Client ('127.0.0.1', 44526) disconnected from the server.
2023-11-01 11:15:33,438 DEBUG decorators.py Function: config_load(). Module: __main__. Calling from a function main(). 
2023-11-01 11:15:33,440 DEBUG decorators.py Function: create_parser(). Module: common.utils. Calling from a function main(). 
2023-11-01 11:15:33,481 INFO core.py The server is running, the port to connect to: 7777.the address from which connections are accepted: 127.0.0.1.If the address is not specified, connections from any addresses are accepted.
2023-11-01 11:15:34,639 INFO core.py The connection to the PC is established ('127.0.0.1', 53938)
2023-11-01 11:15:35,141 DEBUG decorators.py Function: get_message(). Module: common.utils. Calling from a function self._bootstrap_inner(). 
2023-11-01 11:15:35,141 DEBUG core.py Parsing a message from a client : {'action': 'presence', 'time': 1698826534.6519916, 'type': 'status', 'user': {'account_name': 'test1', 'pubkey': '-----BEGIN PUBLIC KEY-----\nMIIBIjANBgkqhkiG9w0BAQEFAAOCAQ8AMIIBCgKCAQEAqaTq2wZejq1hEmyU/zwi\nO7F7fP68XagUsTGnYBOzFRrmOVRveK6I/dYuTxCPSs1YVD+elrIGkjVw/av2OmCL\npVkZiAfqVtOWxny88Q9XH+p1olCLq4SRM6jMWQ5OEjXZt/K2cB7tyuz5ZaTMItDY\n0iq6IqPzGgTyTaoRVu6YjySVx15/3oZX1CcnrWLY8lu1fYAqrrbzB83U/FbRzBGe\nKY+unrBVHUBglwV3mID8qEsJv2bjMZIx2oRBZDY9/Ce4nngysx/p7KvjxUpOiPo+\n1X4aIM1RygkTzRfwc1QciPdDzb3UuqWtJnWmM2s98CKprUutLXhY1rDmY5jn6cxo\nNQIDAQAB\n-----END PUBLIC KEY-----'}}
2023-11-01 11:15:35,141 DEBUG core.py Start auth process for {'account_name': 'test1', 'pubkey': '-----BEGIN PUBLIC KEY-----\nMIIBIjANBgkqhkiG9w0BAQEFAAOCAQ8AMIIBCgKCAQEAqaTq2wZejq1hEmyU/zwi\nO7F7fP68XagUsTGnYBOzFRrmOVRveK6I/dYuTxCPSs1YVD+elrIGkjVw/av2OmCL\npVkZiAfqVtOWxny88Q9XH+p1olCLq4SRM6jMWQ5OEjXZt/K2cB7tyuz5ZaTMItDY\n0iq6IqPzGgTyTaoRVu6YjySVx15/3oZX1CcnrWLY8lu1fYAqrrbzB83U/FbRzBGe\nKY+unrBVHUBglwV3mID8qEsJv2bjMZIx2oRBZDY9/Ce4nngysx/p7KvjxUpOiPo+\n1X4aIM1RygkTzRfwc1QciPdDzb3UuqWtJnWmM2s98CKprUutLXhY1rDmY5jn6cxo\nNQIDAQAB\n-----END PUBLIC KEY-----'}
2023-11-01 11:15:35,151 DEBUG core.py Correct username, starting passwd check.
2023-11-01 11:15:35,154 DEBUG core.py Auth message = {'response': 511, 'bin': 'ec91ba27430e4469cfa01fa1529b4212fc261652e3a2e6d3aae59e0dedf499c3cf40db4421d853037ac70f6d01c35be90cb85cef738eb23ad9debe0a7cd55b7d'}
2023-11-01 11:15:35,155 DEBUG decorators.py Function: send_message(). Module: common.utils. Calling from a function self._bootstrap_inner(). 
2023-11-01 11:15:35,156 DEBUG decorators.py Function: get_message(). Module: common.utils. Calling from a function self._bootstrap_inner(). 
2023-11-01 11:15:35,156 DEBUG decorators.py Function: send_message(). Module: common.utils. Calling from a function self._bootstrap_inner(). 
2023-11-01 11:15:35,685 DEBUG decorators.py Function: get_message(). Module: common.utils. Calling from a function self._bootstrap_inner(). 
2023-11-01 11:15:35,686 DEBUG core.py Parsing a message from a client : {'action': 'get_users', 'time': 1698826535.157009, 'account_name': 'test1'}
2023-11-01 11:15:35,688 DEBUG decorators.py Function: send_message(). Module: common.utils. Calling from a function self._bootstrap_inner(). 
2023-11-01 11:15:35,692 INFO core.py The connection to the PC is established ('127.0.0.1', 53948)
2023-11-01 11:15:36,193 DEBUG decorators.py Function: get_message(). Module: common.utils. Calling from a function self._bootstrap_inner(). 
2023-11-01 11:15:36,193 DEBUG core.py Parsing a message from a client : {'action': 'get_contacts', 'time': 1698826535.7000837, 'user': 'test1'}
2023-11-01 11:15:36,200 DEBUG decorators.py Function: send_message(). Module: common.utils. Calling from a function self._bootstrap_inner(). 
2023-11-01 11:15:36,200 DEBUG decorators.py Function: get_message(). Module: common.utils. Calling from a function self._bootstrap_inner(). 
2023-11-01 11:15:36,200 DEBUG core.py Parsing a message from a client : {'action': 'presence', 'time': 1698826535.705014, 'type': 'status', 'user': {'account_name': 'test2', 'pubkey': '-----BEGIN PUBLIC KEY-----\nMIIBIjANBgkqhkiG9w0BAQEFAAOCAQ8AMIIBCgKCAQEAuntqpMWdrOMa2e+A9Ljl\nziQgt1V/m2l0ycpIFCJbV2CJraO5xDG2gecBfJFdxVXCx2u3F7EhjIxQJHLdA2o2\nT/VNMtt4ttpAB5QUyXkc3TQa27mGmBkFm/lYtbosozJ8lqVe0+OJmEHXHaPKOy57\n3jzEYXu53mRunUmCI8bDEBmgwHGu4v1zN51Y/4ex5f292DuYdFGv01UGPZ/bHoA/\nBgBEiWDFDhLYyTMuKTLWevSmwhJ0UMReFqlG6suBpeFOT/HOdkT9Zk7qM7lCoA8O\nPCLyWSh8XwS60onZ19Xc7FT0Ic1DHnEdrcbKmnZuJ+ztFW8D4+rcnvmja4B0OiQR\n+wIDAQAB\n-----END PUBLIC KEY-----'}}
2023-11-01 11:15:36,200 DEBUG core.py Start auth process for {'account_name': 'test2', 'pubkey': '-----BEGIN PUBLIC KEY-----\nMIIBIjANBgkqhkiG9w0BAQEFAAOCAQ8AMIIBCgKCAQEAuntqpMWdrOMa2e+A9Ljl\nziQgt1V/m2l0ycpIFCJbV2CJraO5xDG2gecBfJFdxVXCx2u3F7EhjIxQJHLdA2o2\nT/VNMtt4ttpAB5QUyXkc3TQa27mGmBkFm/lYtbosozJ8lqVe0+OJmEHXHaPKOy57\n3jzEYXu53mRunUmCI8bDEBmgwHGu4v1zN51Y/4ex5f292DuYdFGv01UGPZ/bHoA/\nBgBEiWDFDhLYyTMuKTLWevSmwhJ0UMReFqlG6suBpeFOT/HOdkT9Zk7qM7lCoA8O\nPCLyWSh8XwS60onZ19Xc7FT0Ic1DHnEdrcbKmnZuJ+ztFW8D4+rcnvmja4B0OiQR\n+wIDAQAB\n-----END PUBLIC KEY-----'}
2023-11-01 11:15:36,202 DEBUG core.py Correct username, starting passwd check.
2023-11-01 11:15:36,204 DEBUG core.py Auth message = {'response': 511, 'bin': 'b918038cbda56432993a5b63c50553b7393d84cf5102171e444a722a27803b284572382fc4cab28e71561705a4e5cff5cb40c6cc529593265a7acb3f41dc33d3'}
2023-11-01 11:15:36,204 DEBUG decorators.py Function: send_message(). Module: common.utils. Calling from a function self._bootstrap_inner(). 
2023-11-01 11:15:36,205 DEBUG decorators.py Function: get_message(). Module: common.utils. Calling from a function self._bootstrap_inner(). 
2023-11-01 11:15:36,205 DEBUG decorators.py Function: send_message(). Module: common.utils. Calling from a function self._bootstrap_inner(). 
2023-11-01 11:15:36,728 DEBUG decorators.py Function: get_message(). Module: common.utils. Calling from a function self._bootstrap_inner(). 
2023-11-01 11:15:36,728 DEBUG core.py Parsing a message from a client : {'action': 'get_users', 'time': 1698826536.206263, 'account_name': 'test2'}
2023-11-01 11:15:36,730 DEBUG decorators.py Function: send_message(). Module: common.utils. Calling from a function self._bootstrap_inner(). 
2023-11-01 11:15:37,231 DEBUG decorators.py Function: get_message(). Module: common.utils. Calling from a function self._bootstrap_inner(). 
2023-11-01 11:15:37,231 DEBUG core.py Parsing a message from a client : {'action': 'get_contacts', 'time': 1698826536.752919, 'user': 'test2'}
2023-11-01 11:15:37,234 DEBUG decorators.py Function: send_message(). Module: common.utils. Calling from a function self._bootstrap_inner(). 
